<?xml version="1.0" encoding="UTF-8"?>
<!-- Generated by org.testng.reporters.JUnitReportReporter -->
<testsuite hostname="DESKTOP-P6T3KO6" failures="0" tests="4" name="com.Annotation2.testNg" time="0.029" errors="0" timestamp="2023-05-14T12:35:20 IST" skipped="0">
  <testcase classname="com.Annotation2.testNg" name="method2" time="0.003"/>
  <system-out/>
  <testcase classname="com.Annotation2.testNg" name="Method3" time="0.019"/>
  <system-out/>
  <testcase classname="com.Annotation2.testNg" name="Method4" time="0.003"/>
  <system-out/>
  <testcase classname="com.Annotation2.testNg" name="method1" time="0.004"/>
  <system-out/>
</testsuite> <!-- com.Annotation2.testNg -->
