<?xml version="1.0" encoding="UTF-8"?>
<!-- Generated by org.testng.reporters.JUnitReportReporter -->
<testsuite hostname="DESKTOP-P6T3KO6" failures="0" tests="1" name="com.RedIff.RedIff" time="2.170" errors="0" timestamp="2023-05-23T17:50:43 IST" skipped="0">
  <testcase classname="com.RedIff.RedIff" name="validatingFullName" time="2.170"/>
  <system-out/>
</testsuite> <!-- com.RedIff.RedIff -->
