<?xml version="1.0" encoding="UTF-8"?>
<!-- Generated by org.testng.reporters.JUnitReportReporter -->
<testsuite hostname="DESKTOP-P6T3KO6" failures="0" tests="1" name="com.RadioButtons.RadioButtons" time="33.231" errors="0" timestamp="2023-05-22T16:40:06 IST" skipped="0">
  <testcase classname="com.RadioButtons.RadioButtons" name="radioButtonsTesting" time="33.231"/>
  <system-out/>
</testsuite> <!-- com.RadioButtons.RadioButtons -->
