<?xml version="1.0" encoding="UTF-8"?>
<!-- Generated by org.testng.reporters.JUnitReportReporter -->
<testsuite hostname="DESKTOP-P6T3KO6" failures="0" tests="3" name="com.TestCases.OrangeHRMApplication_LoginTest" time="14.469" errors="0" timestamp="2023-05-19T11:34:17 IST" skipped="0">
  <testcase classname="com.TestCases.OrangeHRMApplication_LoginTest" name="validatingOrangeHRMApplicationLogInPageTest" time="0.188"/>
  <system-out/>
  <testcase classname="com.TestCases.OrangeHRMApplication_LoginTest" name="validatingOrangeHRMApplicationLoginFunctionality" time="7.023"/>
  <system-out/>
  <testcase classname="com.TestCases.OrangeHRMApplication_LoginTest" name="validatingOrangeHRMApplicationLogoutFunctionality" time="7.258"/>
  <system-out/>
</testsuite> <!-- com.TestCases.OrangeHRMApplication_LoginTest -->
